This is pdfTeX, Version 3.1415926-1.40.10 (MiKTeX 2.8) (preloaded format=latex 2011.5.21)  4 SEP 2014 18:56
entering extended mode
**C:/Documents*and*Settings/Administrador/Mis*documentos/My*Dropbox/Alumnos/Sañ
udo/PFC/pfc.tex

("C:/Documents and Settings/Administrador/Mis documentos/My Dropbox/Alumnos/Sañ
udo/PFC/pfc.tex"
LaTeX2e <2005/12/01>
Babel <v3.8l> and hyphenation patterns for english, dumylang, nohyphenation, sp
anish, loaded.

("C:\Documents and Settings\Administrador\Mis documentos\My Dropbox\Alumnos\Sañ
udo\PFC\itsas_pfc.cls"
Document Class: itsas_pfc 2007/03/06 Itsas document class
(C:\UtilidadesEscritura\Miktex\tex\latex\base\bk11.clo
File: bk11.clo 2005/09/16 v1.4f Standard LaTeX file (size option)
)
\c@part=\count79
\c@chapter=\count80
\c@section=\count81
\c@subsection=\count82
\c@subsubsection=\count83
\c@paragraph=\count84
\c@subparagraph=\count85
\c@figure=\count86
\c@table=\count87
\abovecaptionskip=\skip41
\belowcaptionskip=\skip42
\bibindent=\dimen102
)
(C:\UtilidadesEscritura\Miktex\tex\latex\base\inputenc.sty
Package: inputenc 2006/05/05 v1.1b Input encoding file
\inpenc@prehook=\toks14
\inpenc@posthook=\toks15

(C:\UtilidadesEscritura\Miktex\tex\latex\base\latin1.def
File: latin1.def 2006/05/05 v1.1b Input encoding file
))
(C:\UtilidadesEscritura\Miktex\tex\latex\tools\longtable.sty
Package: longtable 2004/02/01 v4.11 Multi-page Table package (DPC)
\LTleft=\skip43
\LTright=\skip44
\LTpre=\skip45
\LTpost=\skip46
\LTchunksize=\count88
\LTcapwidth=\dimen103
\LT@head=\box26
\LT@firsthead=\box27
\LT@foot=\box28
\LT@lastfoot=\box29
\LT@cols=\count89
\LT@rows=\count90
\c@LT@tables=\count91
\c@LT@chunks=\count92
\LT@p@ftn=\toks16
)
(C:\UtilidadesEscritura\Miktex\tex\latex\tools\array.sty
Package: array 2005/08/23 v2.4b Tabular extension package (FMi)
\col@sep=\dimen104
\extrarowheight=\dimen105
\NC@list=\toks17
\extratabsurround=\skip47
\backup@length=\skip48
)
(C:\UtilidadesEscritura\Miktex\tex\latex\ltxmisc\url.sty
\Urlmuskip=\muskip10
Package: url 2006/04/12  ver 3.3  Verb mode for urls, etc.
)
(C:\UtilidadesEscritura\Miktex\tex\latex\amsfonts\amsfonts.sty
Package: amsfonts 2009/06/22 v3.00 Basic AMSFonts support
\@emptytoks=\toks18
\symAMSa=\mathgroup4
\symAMSb=\mathgroup5
LaTeX Font Info:    Overwriting math alphabet `\mathfrak' in version `bold'
(Font)                  U/euf/m/n --> U/euf/b/n on input line 96.
)
(C:\UtilidadesEscritura\Miktex\tex\generic\babel\babel.sty
Package: babel 2008/07/06 v3.8l The Babel package

*************************************
* Local config file bblopts.cfg used
*
(C:\UtilidadesEscritura\Miktex\tex\latex\00miktex\bblopts.cfg
File: bblopts.cfg 2006/07/31 v1.0 MiKTeX 'babel' configuration
)
(C:\UtilidadesEscritura\Miktex\tex\generic\babel\spanish.ldf
Language: spanish.ldf 2008/07/06 v5.0e Spanish support from the babel system

(C:\UtilidadesEscritura\Miktex\tex\generic\babel\babel.def
File: babel.def 2008/07/06 v3.8l Babel common definitions
\babel@savecnt=\count93
\U@D=\dimen106
)
\es@datefmt=\count94
\es@quottoks=\toks19
\es@quotdepth=\count95
Package babel Info: Making " an active character on input line 490.
Package babel Info: Making . an active character on input line 583.
Package babel Info: Making < an active character on input line 628.
Package babel Info: Making > an active character on input line 628.
Package babel Info: Making ' an active character on input line 655.
))
(C:\UtilidadesEscritura\Miktex\tex\latex\tools\tabularx.sty
Package: tabularx 1999/01/07 v2.07 `tabularx' package (DPC)
\TX@col@width=\dimen107
\TX@old@table=\dimen108
\TX@old@col=\dimen109
\TX@target=\dimen110
\TX@delta=\dimen111
\TX@cols=\count96
\TX@ftn=\toks20
)
(C:\UtilidadesEscritura\Miktex\tex\latex\listings\listings.sty
(C:\UtilidadesEscritura\Miktex\tex\latex\graphics\keyval.sty
Package: keyval 1999/03/16 v1.13 key=value parser (DPC)
\KV@toks@=\toks21
)
\lst@mode=\count97
\lst@gtempboxa=\box30
\lst@token=\toks22
\lst@length=\count98
\lst@currlwidth=\dimen112
\lst@column=\count99
\lst@pos=\count100
\lst@lostspace=\dimen113
\lst@width=\dimen114
\lst@newlines=\count101
\lst@lineno=\count102
\lst@maxwidth=\dimen115

(C:\UtilidadesEscritura\Miktex\tex\latex\listings\lstmisc.sty
File: lstmisc.sty 2007/02/22 1.4 (Carsten Heinz)
\c@lstnumber=\count103
\lst@skipnumbers=\count104
\lst@framebox=\box31
)
(C:\UtilidadesEscritura\Miktex\tex\latex\listings\listings.cfg
File: listings.cfg 2007/02/22 1.4 listings configuration
))
Package: listings 2007/02/22 1.4 (Carsten Heinz)

(C:\UtilidadesEscritura\Miktex\tex\latex\caption\caption.sty
Package: caption 2011/11/10 v3.2e Customizing captions (AR)

(C:\UtilidadesEscritura\Miktex\tex\latex\caption\caption3.sty
Package: caption3 2011/11/01 v1.4a caption3 kernel (AR)
\captionmargin=\dimen116
\captionmargin@=\dimen117
\captionwidth=\dimen118
\caption@indent=\dimen119
\caption@parindent=\dimen120
\caption@hangindent=\dimen121
Package caption Info: Unknown document class (or package),
(caption)             standard defaults will be used.
)

Package caption Warning: Unsupported document class (or package) detected,
(caption)                usage of the caption package is not recommended.
See the caption package documentation for explanation.

Package caption Info: \@makecaption = \long macro:#1#2->\vskip \abovecaptionski
p \sbox \@tempboxa {\footnotesize #1: #2}\ifdim \wd \@tempboxa >\hsize {\footno
tesize #1: #2\par } \else \global \@minipagefalse \hb@xt@ \hsize {\hfil \box \@
tempboxa \hfil }\fi \vskip \belowcaptionskip .
\c@ContinuedFloat=\count105
Package caption Info: listings package is loaded.
Package caption Info: longtable package is loaded.
(C:\UtilidadesEscritura\Miktex\tex\latex\caption\ltcaption.sty
Package: ltcaption 2011/09/12 v1.3 longtable captions (AR)
))
(C:\UtilidadesEscritura\Miktex\tex\latex\multirow\multirow.sty
\bigstrutjot=\dimen122
)
(C:\UtilidadesEscritura\Miktex\tex\latex\tabulary\tabulary.sty
Package: tabulary 2008/12/01 v0.9 tabulary package (DPC)
\TY@count=\count106
\TY@linewidth=\dimen123
\tymin=\dimen124
\tymax=\dimen125
\TY@tablewidth=\dimen126
)
(C:\UtilidadesEscritura\Miktex\tex\latex\natbib\natbib.sty
Package: natbib 2010/09/13 8.31b (PWD, AO)
\bibhang=\skip49
\bibsep=\skip50
LaTeX Info: Redefining \cite on input line 694.
\c@NAT@ctr=\count107
)
(C:\UtilidadesEscritura\Miktex\tex\latex\graphics\graphicx.sty
Package: graphicx 1999/02/16 v1.0f Enhanced LaTeX Graphics (DPC,SPQR)

(C:\UtilidadesEscritura\Miktex\tex\latex\graphics\graphics.sty
Package: graphics 2006/02/20 v1.0o Standard LaTeX Graphics (DPC,SPQR)

(C:\UtilidadesEscritura\Miktex\tex\latex\graphics\trig.sty
Package: trig 1999/03/16 v1.09 sin cos tan (DPC)
)
(C:\UtilidadesEscritura\Miktex\tex\latex\00miktex\graphics.cfg
File: graphics.cfg 2007/01/18 v1.5 graphics configuration of teTeX/TeXLive
)
Package graphics Info: Driver file: dvips.def on input line 90.

(C:\UtilidadesEscritura\Miktex\tex\latex\graphics\dvips.def
File: dvips.def 1999/02/16 v3.0i Driver-dependant file (DPC,SPQR)
))
\Gin@req@height=\dimen127
\Gin@req@width=\dimen128
)
("C:\Documents and Settings\Administrador\Mis documentos\My Dropbox\Alumnos\Sañ
udo\PFC\config/pfc_options.tex"
(C:\UtilidadesEscritura\Miktex\tex\latex\fancyhdr\fancyhdr.sty
\fancy@headwidth=\skip51
\f@ncyO@elh=\skip52
\f@ncyO@erh=\skip53
\f@ncyO@olh=\skip54
\f@ncyO@orh=\skip55
\f@ncyO@elf=\skip56
\f@ncyO@erf=\skip57
\f@ncyO@olf=\skip58
\f@ncyO@orf=\skip59
)
(C:\UtilidadesEscritura\Miktex\tex\latex\graphics\color.sty
Package: color 2005/11/14 v1.0j Standard LaTeX Color (DPC)

(C:\UtilidadesEscritura\Miktex\tex\latex\00miktex\color.cfg
File: color.cfg 2007/01/18 v1.5 color configuration of teTeX/TeXLive
)
Package color Info: Driver file: dvips.def on input line 130.

(C:\UtilidadesEscritura\Miktex\tex\latex\graphics\dvipsnam.def
File: dvipsnam.def 1999/02/16 v3.0i Driver-dependant file (DPC,SPQR)
))
(C:\UtilidadesEscritura\Miktex\tex\latex\rotating\rotating.sty
Package: rotating 2009/03/28 v2.16a rotated objects in LaTeX

(C:\UtilidadesEscritura\Miktex\tex\latex\base\ifthen.sty
Package: ifthen 2001/05/26 v1.1c Standard LaTeX ifthen package (DPC)
)
\c@r@tfl@t=\count108
\rotFPtop=\skip60
\rotFPbot=\skip61
\rot@float@box=\box32
\rot@mess@toks=\toks23
)
(C:\UtilidadesEscritura\Miktex\tex\latex\minitoc\minitoc.sty
Package: minitoc 2008/07/16 v60 Package minitoc (JPFD)

(C:\UtilidadesEscritura\Miktex\tex\latex\minitoc\mtcmess.sty
Package: mtcmess 2006/03/14
)
Package minitoc Info: I0001
(minitoc)             *** minitoc package, version 60 ***.
\tf@mtc=\write3
\mtcindent=\skip62
\mtcskipamount=\skip63
Package minitoc Info: I0005
(minitoc)             compatible with hyperref.
Package minitoc Info: I0023
(minitoc)             part level macros available.
Package minitoc Info: I0003
(minitoc)             chapter level macros available.
\mtc@toks=\toks24
\mtc@strutbox=\box33
\mtc@hstrutbox=\box34
Package minitoc Info: I0002
(minitoc)             Autoconfiguration of extensions.

("C:\Documents and Settings\Administrador\Mis documentos\My Dropbox\Alumnos\Sañ
udo\PFC\pfc.mtc0")
Package minitoc Info: I0012
(minitoc)             Long extensions (Unix-like) will be used.
Package minitoc Info: I0031
(minitoc)             ==> this version is configured for UNIX-like 
(minitoc)                 (long extensions) file names.
\c@mtc=\count109
\c@minitocdepth=\count110
\c@ptc=\count111
\c@parttocdepth=\count112
\ptcindent=\skip64
Package minitoc Info: I0010
(minitoc)             The english language is selected.
(minitoc)              on input line 4910.
 (C:\UtilidadesEscritura\Miktex\tex\latex\minitoc\english.mld
File: english.mld 2006/01/13
) (C:\UtilidadesEscritura\Miktex\tex\latex\minitoc\english.mld
File: english.mld 2006/01/13
)
Package minitoc Info: I0010
(minitoc)             The spanish language is selected.
(minitoc)              on input line 4911.

(C:\UtilidadesEscritura\Miktex\tex\latex\minitoc\spanish.mld
File: spanish.mld 2008/04/03
))
(C:\UtilidadesEscritura\Miktex\tex\latex\epsf\epsf.sty
This is `epsf.tex' v2.7.3 <23 July 2005>
\epsffilein=\read1
\epsfframemargin=\dimen129
\epsfframethickness=\dimen130
\epsfrsize=\dimen131
\epsftmp=\dimen132
\epsftsize=\dimen133
\epsfxsize=\dimen134
\epsfysize=\dimen135
\pspoints=\dimen136
) (C:\UtilidadesEscritura\Miktex\tex\latex\textpos\textpos.sty
Package: textpos 2010/09/30 v1.7g

Package: `textpos' 1.7g <2010 September 30>
(C:\UtilidadesEscritura\Miktex\tex\latex\ms\everyshi.sty
Package: everyshi 2001/05/15 v3.00 EveryShipout Package (MS)
)
\TP@textbox=\box35
\TP@holdbox=\box36
\TPHorizModule=\dimen137
\TPVertModule=\dimen138
\TP@margin=\dimen139
\TP@absmargin=\dimen140

Grid set 16 x 16 = 37.34424pt x 52.81541pt
\TPboxrulesize=\dimen141
\TP@ox=\dimen142
\TP@oy=\dimen143
\TP@tbargs=\toks25
\TP@prevdepth=\dimen144
TextBlockOrigin set to 0pt x 0pt
))
("C:\Documents and Settings\Administrador\Mis documentos\My Dropbox\Alumnos\Sañ
udo\PFC\config/rename.tex")
("C:\Documents and Settings\Administrador\Mis documentos\My Dropbox\Alumnos\Sañ
udo\PFC\pfc.aux")
LaTeX Font Info:    Checking defaults for OML/cmm/m/it on input line 57.
LaTeX Font Info:    ... okay on input line 57.
LaTeX Font Info:    Checking defaults for T1/cmr/m/n on input line 57.
LaTeX Font Info:    ... okay on input line 57.
LaTeX Font Info:    Checking defaults for OT1/cmr/m/n on input line 57.
LaTeX Font Info:    ... okay on input line 57.
LaTeX Font Info:    Checking defaults for OMS/cmsy/m/n on input line 57.
LaTeX Font Info:    ... okay on input line 57.
LaTeX Font Info:    Checking defaults for OMX/cmex/m/n on input line 57.
LaTeX Font Info:    ... okay on input line 57.
LaTeX Font Info:    Checking defaults for U/cmr/m/n on input line 57.
LaTeX Font Info:    ... okay on input line 57.
\c@lstlisting=\count113
Package caption Info: Begin \AtBeginDocument code.
Package caption Info: rotating package is loaded.
Package caption Info: End \AtBeginDocument code.
Package minitoc(hints) Info: I0049
(minitoc(hints))             ==> You requested the hints option. 
(minitoc(hints))             Some hints are eventually given below.
 ABD: EveryShipout initializing macros
("C:\Documents and Settings\Administrador\Mis documentos\My Dropbox\Alumnos\Sañ
udo\PFC\cover/cover.tex"
File: images/ingInformatica.eps Graphic file (type eps)
 <images/ingInformatica.eps>
LaTeX Font Info:    Try loading font information for U+msa on input line 38.

(C:\UtilidadesEscritura\Miktex\tex\latex\amsfonts\umsa.fd
File: umsa.fd 2009/06/22 v3.00 AMS symbols A
)
LaTeX Font Info:    Try loading font information for U+msb on input line 38.

(C:\UtilidadesEscritura\Miktex\tex\latex\amsfonts\umsb.fd
File: umsb.fd 2009/06/22 v3.00 AMS symbols B
)
Overfull \hbox (84.40457pt too wide) in paragraph at lines 38--38
 [][] 
 []

[1

] [2

])
("C:\Documents and Settings\Administrador\Mis documentos\My Dropbox\Alumnos\Sañ
udo\PFC\config/begin.tex")
("C:\Documents and Settings\Administrador\Mis documentos\My Dropbox\Alumnos\Sañ
udo\PFC\cover/acknowledgements.tex"
Underfull \hbox (badness 10000) in paragraph at lines 3--4

 []


Underfull \hbox (badness 10000) in paragraph at lines 5--6

 []


Underfull \hbox (badness 10000) in paragraph at lines 7--8

 []

)
Underfull \hbox (badness 10000) in paragraph at lines 9--71

 []


("C:\Documents and Settings\Administrador\Mis documentos\My Dropbox\Alumnos\Sañ
udo\PFC\introduction/preface.tex" [1



] [2

]
Underfull \hbox (badness 10000) in paragraph at lines 17--18

 []

)
("C:\Documents and Settings\Administrador\Mis documentos\My Dropbox\Alumnos\Sañ
udo\PFC\introduction/preface(english).tex" [3

] [4

]
Underfull \hbox (badness 10000) in paragraph at lines 17--18

 []

)
Overfull \hbox (3.64397pt too wide) in paragraph at lines 19--75
[][]\OT1/cmr/m/n/10.95 Model-Driven Development,Model-Driven En-gi-nee-ring, Co
-de Ge-ne-ra-tion,
 []


("C:\Documents and Settings\Administrador\Mis documentos\My Dropbox\Alumnos\Sañ
udo\PFC\config/toc.tex"
Package minitoc Info: I0024
(minitoc)             PREPARING MINITOCS FROM pfc.toc on input line 2.
 [5

] [6

]
("C:\Documents and Settings\Administrador\Mis documentos\My Dropbox\Alumnos\Sañ
udo\PFC\pfc.toc")
\tf@toc=\write4
 [7] [8

]
("C:\Documents and Settings\Administrador\Mis documentos\My Dropbox\Alumnos\Sañ
udo\PFC\pfc.lof")
\tf@lof=\write5
 [9] [10

]
("C:\Documents and Settings\Administrador\Mis documentos\My Dropbox\Alumnos\Sañ
udo\PFC\pfc.lot")
\tf@lot=\write6
 [11] [12

])
("C:\Documents and Settings\Administrador\Mis documentos\My Dropbox\Alumnos\Sañ
udo\PFC\Config/headers.tex")
("C:\Documents and Settings\Administrador\Mis documentos\My Dropbox\Alumnos\Sañ
udo\PFC\config/chapters.tex")
("C:\Documents and Settings\Administrador\Mis documentos\My Dropbox\Alumnos\Sañ
udo\PFC\introduction/introduction.tex"
Cap\'{\i }tulo 1.

("C:\Documents and Settings\Administrador\Mis documentos\My Dropbox\Alumnos\Sañ
udo\PFC\pfc.mtc1")
("C:\Documents and Settings\Administrador\Mis documentos\My Dropbox\Alumnos\Sañ
udo\PFC\introduction/theIntroduction.tex"

Package natbib Warning: Citation `forbes:amazon' on page 1 undefined on input l
ine 13.

[1


]

Package natbib Warning: Citation `stonebraker:2010' on page 2 undefined on inpu
t line 15.


Package natbib Warning: Citation `lakshman:2010' on page 2 undefined on input l
ine 17.


Package natbib Warning: Citation `george:2011' on page 2 undefined on input lin
e 17.


Package natbib Warning: Citation `plugge:2010' on page 2 undefined on input lin
e 17.


Package natbib Warning: Citation `elsmari:2010' on page 2 undefined on input li
ne 21.


Package natbib Warning: Citation `olive:2007' on page 2 undefined on input line
 23.


Package natbib Warning: Citation `lakshman:2010' on page 2 undefined on input l
ine 23.


Package natbib Warning: Citation `brambilla:2012' on page 2 undefined on input 
line 25.

)
("C:\Documents and Settings\Administrador\Mis documentos\My Dropbox\Alumnos\Sañ
udo\PFC\introduction/antecedentes.tex"

Package natbib Warning: Citation `diegoAlsonso:2011' on page 2 undefined on inp
ut line 9.


Underfull \vbox (badness 10000) has occurred while \output is active []

 [2]

Package natbib Warning: Citation `kleppe:2008' on page 3 undefined on input lin
e 66.


Package natbib Warning: Citation `budinsky:2008' on page 3 undefined on input l
ine 66.


Package natbib Warning: Citation `omg:xmi:2007' on page 3 undefined on input li
ne 66.

[3]

LaTeX Warning: Reference `back:fig:grafoMetamodelo' on page 4 undefined on inpu
t line 175.

File: background/images/grafoMetamodelo.eps Graphic file (type eps)
<background/images/grafoMetamodelo.eps>

LaTeX Warning: Reference `back:fig:metamodeloRed' on page 4 undefined on input 
line 188.

File: background/images/metamodeloRed.eps Graphic file (type eps)
<background/images/metamodeloRed.eps> [4]

LaTeX Warning: Reference `back:fig:ejGeneradorHTML' on page 5 undefined on inpu
t line 204.

File: background/images/ejGeneradorHTML.eps Graphic file (type eps)
<background/images/ejGeneradorHTML.eps>)
("C:\Documents and Settings\Administrador\Mis documentos\My Dropbox\Alumnos\Sañ
udo\PFC\introduction/objetivos.tex"

Package natbib Warning: Citation `uml:2010' on page 5 undefined on input line 3
3.

[5])
("C:\Documents and Settings\Administrador\Mis documentos\My Dropbox\Alumnos\Sañ
udo\PFC\introduction/roadmap.tex"))
("C:\Documents and Settings\Administrador\Mis documentos\My Dropbox\Alumnos\Sañ
udo\PFC\background/background.tex" [6]
Cap\'{\i }tulo 2.
Package minitoc Info: I0006
(minitoc)             pfc.mtc2 is empty on input line 16.

("C:\Documents and Settings\Administrador\Mis documentos\My Dropbox\Alumnos\Sañ
udo\PFC\background/casoEstudio.tex"
File: m2m/images/twissandra.eps Graphic file (type eps)
 <m2m/images/twissandra.eps>

LaTeX Warning: Reference `back:fig:twissandra' on page 7 undefined on input lin
e 17.

[7


])
("C:\Documents and Settings\Administrador\Mis documentos\My Dropbox\Alumnos\Sañ
udo\PFC\background/EMF.tex"

Package natbib Warning: Citation `dave:2008' on page 8 undefined on input line 
9.


Package natbib Warning: Citation `kolovos:2014' on page 8 undefined on input li
ne 9.

[8])
("C:\Documents and Settings\Administrador\Mis documentos\My Dropbox\Alumnos\Sañ
udo\PFC\background/epsilon.tex"

Package natbib Warning: Citation `kolovos:2014' on page 9 undefined on input li
ne 12.

LaTeX Font Info:    Try loading font information for OMS+cmr on input line 15.
(C:\UtilidadesEscritura\Miktex\tex\latex\base\omscmr.fd
File: omscmr.fd 1999/05/25 v2.5h Standard LaTeX font definitions
)
LaTeX Font Info:    Font shape `OMS/cmr/m/n' in size <10.95> not available
(Font)              Font shape `OMS/cmsy/m/n' tried instead on input line 15.
LaTeX Font Info:    Try loading font information for OML+cmr on input line 15.

(C:\UtilidadesEscritura\Miktex\tex\latex\base\omlcmr.fd
File: omlcmr.fd 1999/05/25 v2.5h Standard LaTeX font definitions
)
LaTeX Font Info:    Font shape `OML/cmr/m/n' in size <10.95> not available
(Font)              Font shape `OML/cmm/m/it' tried instead on input line 15.
File: background/images/ejCasa.eps Graphic file (type eps)

<background/images/ejCasa.eps>

LaTeX Warning: Reference `back:fig:ejMetamodeloCasa' on page 9 undefined on inp
ut line 26.


LaTeX Warning: Reference `back:code:codigoEOL' on page 9 undefined on input lin
e 27.

[9] [10]

LaTeX Warning: Reference `back:code:codigoETL' on page 11 undefined on input li
ne 61.

[11]

Package natbib Warning: Citation `louis:2008' on page 12 undefined on input lin
e 103.


LaTeX Warning: Reference `back:code:codigoEGL' on page 12 undefined on input li
ne 108.

)
("C:\Documents and Settings\Administrador\Mis documentos\My Dropbox\Alumnos\Sañ
udo\PFC\background/cassandra.tex"

Package natbib Warning: Citation `lith:2010' on page 12 undefined on input line
 13.

[12] [13]

LaTeX Warning: Reference `back:fig:estructuraCF' on page 14 undefined on input 
line 55.


LaTeX Warning: File `background/images/estructuraCF.eps' not found on input lin
e 58.


! LaTeX Error: File `background/images/estructuraCF.eps' not found.

See the LaTeX manual or LaTeX Companion for explanation.
Type  H <return>  for immediate help.
 ...                                              
                                                  
l.58 ...width]{background/images/estructuraCF.eps}
                                                   \\
? 
! Emergency stop.
 ...                                              
                                                  
l.58 ...width]{background/images/estructuraCF.eps}
                                                   \\
Try typing  <return>  to proceed.
If that doesn't work, type  X <return>  to quit.

 
Here is how much of TeX's memory you used:
 6593 strings out of 495306
 98716 string characters out of 3181652
 178900 words of memory out of 3000000
 9434 multiletter control sequences out of 15000+200000
 15153 words of font info for 57 fonts, out of 3000000 for 9000
 15 hyphenation exceptions out of 8191
 36i,12n,43p,1106b,432s stack positions out of 5000i,500n,10000p,200000b,50000s
Output written on pfc.dvi (27 pages, 64632 bytes).
